1612047946148:show
1612047953709:add
1612047956572:show
1612047988467:фвв
1612047989993:add
1612047993989:show
1612048180157:add
1612048183345:show
1612048203499:add
1612048211741:show
1612048315289:add
1612048316972:show
1612049045526:add
1612049071782:ырщц
1612049073449:show
1612049100956:add
1612049150639:ырщц
1612049152175:show
1612049157703:add
1612049180287:show
1612049265628:exit
1612050349441:show
1612482203441:genre
1612482208504:au
1612482215817:add
1612482228029:show
1612482393694:show_au
1612482396570:au
1612482401447:show_au
1612482412532:au
1612482419275:show_au
1612705128967:au
1612705148775:show_au
1612705189139:help
1612995249014:add
1612995255111:show
1612995387765:add
1612995389366:show
1612995415475:add
1612996937725:show
1613602729854:adda
1613602751836:showa
1613602761114:adda
1613602785985:showa
1613602794315:adda
1613602800841:showa
1613602850876:addg
1613602867396:showg
1613602892551:addg
1613603466901:finda
1613603476796:adda
1613603491758:showa
1613603497920:finda
1613603712441:addb
1613603738219:showb
1613603740385:show
1613603756068:find
1613603774718:addb
1613603786675:show
1613603789950:addb
1613603807212:show
1613603970670:addb
1613603995472:show
1613603998018:addb
1613604014402:show
1613604875215:shown
1613604879343:addb
1613604892134:shown
